{"/Users/samhinton/code/samhinton88/projects/toady/src/index.js": {"path":"/Users/samhinton/code/samhinton88/projects/toady/src/index.js","statementMap":{"0":{"start":{"line":1,"column":13},"end":{"line":1,"column":32}},"1":{"start":{"line":2,"column":18},"end":{"line":2,"column":36}},"2":{"start":{"line":3,"column":17},"end":{"line":3,"column":37}},"3":{"start":{"line":5,"column":0},"end":{"line":9,"column":1}}},"fnMap":{},"branchMap":{},"s":{"0":1,"1":1,"2":1,"3":1},"f":{},"b":{},"_coverageSchema":"43e27e138ebf9cfc5966b082cf9a028302ed4184","hash":"3a9e09d05cdc65f662b8ed059fb9123e0e7826e9"}
,"/Users/samhinton/code/samhinton88/projects/toady/src/engine/index.js": {"path":"/Users/samhinton/code/samhinton88/projects/toady/src/engine/index.js","statementMap":{"0":{"start":{"line":1,"column":0},"end":{"line":61,"column":3}},"1":{"start":{"line":1,"column":33},"end":{"line":61,"column":3}},"2":{"start":{"line":1,"column":68},"end":{"line":61,"column":3}},"3":{"start":{"line":2,"column":14},"end":{"line":2,"column":29}},"4":{"start":{"line":4,"column":4},"end":{"line":60,"column":5}},"5":{"start":{"line":4,"column":15},"end":{"line":4,"column":16}},"6":{"start":{"line":5,"column":21},"end":{"line":5,"column":42}},"7":{"start":{"line":7,"column":6},"end":{"line":7,"column":41}},"8":{"start":{"line":7,"column":24},"end":{"line":7,"column":41}},"9":{"start":{"line":15,"column":6},"end":{"line":30,"column":7}},"10":{"start":{"line":17,"column":8},"end":{"line":17,"column":78}},"11":{"start":{"line":20,"column":8},"end":{"line":24,"column":9}},"12":{"start":{"line":22,"column":10},"end":{"line":22,"column":54}},"13":{"start":{"line":28,"column":8},"end":{"line":28,"column":68}},"14":{"start":{"line":32,"column":6},"end":{"line":32,"column":53}},"15":{"start":{"line":32,"column":38},"end":{"line":32,"column":51}},"16":{"start":{"line":34,"column":6},"end":{"line":34,"column":36}},"17":{"start":{"line":34,"column":26},"end":{"line":34,"column":34}},"18":{"start":{"line":38,"column":6},"end":{"line":58,"column":7}},"19":{"start":{"line":40,"column":8},"end":{"line":48,"column":9}},"20":{"start":{"line":40,"column":18},"end":{"line":40,"column":19}},"21":{"start":{"line":42,"column":10},"end":{"line":42,"column":77}},"22":{"start":{"line":44,"column":10},"end":{"line":46,"column":11}},"23":{"start":{"line":45,"column":12},"end":{"line":45,"column":29}},"24":{"start":{"line":52,"column":8},"end":{"line":52,"column":72}},"25":{"start":{"line":54,"column":8},"end":{"line":56,"column":9}},"26":{"start":{"line":55,"column":10},"end":{"line":55,"column":26}}},"fnMap":{"0":{"name":"(anonymous_0)","decl":{"start":{"line":1,"column":17},"end":{"line":1,"column":18}},"loc":{"start":{"line":1,"column":33},"end":{"line":61,"column":3}},"line":1},"1":{"name":"(anonymous_1)","decl":{"start":{"line":1,"column":33},"end":{"line":1,"column":34}},"loc":{"start":{"line":1,"column":68},"end":{"line":61,"column":3}},"line":1},"2":{"name":"(anonymous_2)","decl":{"start":{"line":1,"column":68},"end":{"line":1,"column":69}},"loc":{"start":{"line":1,"column":108},"end":{"line":61,"column":3}},"line":1}},"branchMap":{"0":{"loc":{"start":{"line":2,"column":14},"end":{"line":2,"column":29}},"type":"binary-expr","locations":[{"start":{"line":2,"column":14},"end":{"line":2,"column":23}},{"start":{"line":2,"column":27},"end":{"line":2,"column":29}}],"line":2},"1":{"loc":{"start":{"line":7,"column":6},"end":{"line":7,"column":41}},"type":"if","locations":[{"start":{"line":7,"column":6},"end":{"line":7,"column":41}},{"start":{"line":7,"column":6},"end":{"line":7,"column":41}}],"line":7},"2":{"loc":{"start":{"line":15,"column":6},"end":{"line":30,"column":7}},"type":"if","locations":[{"start":{"line":15,"column":6},"end":{"line":30,"column":7}},{"start":{"line":15,"column":6},"end":{"line":30,"column":7}}],"line":15},"3":{"loc":{"start":{"line":20,"column":8},"end":{"line":24,"column":9}},"type":"if","locations":[{"start":{"line":20,"column":8},"end":{"line":24,"column":9}},{"start":{"line":20,"column":8},"end":{"line":24,"column":9}}],"line":20},"4":{"loc":{"start":{"line":32,"column":6},"end":{"line":32,"column":53}},"type":"if","locations":[{"start":{"line":32,"column":6},"end":{"line":32,"column":53}},{"start":{"line":32,"column":6},"end":{"line":32,"column":53}}],"line":32},"5":{"loc":{"start":{"line":34,"column":6},"end":{"line":34,"column":36}},"type":"if","locations":[{"start":{"line":34,"column":6},"end":{"line":34,"column":36}},{"start":{"line":34,"column":6},"end":{"line":34,"column":36}}],"line":34},"6":{"loc":{"start":{"line":38,"column":6},"end":{"line":58,"column":7}},"type":"if","locations":[{"start":{"line":38,"column":6},"end":{"line":58,"column":7}},{"start":{"line":38,"column":6},"end":{"line":58,"column":7}}],"line":38},"7":{"loc":{"start":{"line":44,"column":10},"end":{"line":46,"column":11}},"type":"if","locations":[{"start":{"line":44,"column":10},"end":{"line":46,"column":11}},{"start":{"line":44,"column":10},"end":{"line":46,"column":11}}],"line":44},"8":{"loc":{"start":{"line":54,"column":8},"end":{"line":56,"column":9}},"type":"if","locations":[{"start":{"line":54,"column":8},"end":{"line":56,"column":9}},{"start":{"line":54,"column":8},"end":{"line":56,"column":9}}],"line":54}},"s":{"0":1,"1":4,"2":4,"3":4,"4":4,"5":4,"6":14,"7":14,"8":0,"9":14,"10":0,"11":0,"12":0,"13":14,"14":14,"15":4,"16":10,"17":0,"18":10,"19":0,"20":0,"21":0,"22":0,"23":0,"24":10,"25":10,"26":2},"f":{"0":4,"1":4,"2":4},"b":{"0":[4,2],"1":[0,14],"2":[0,14],"3":[0,0],"4":[4,10],"5":[0,10],"6":[0,10],"7":[0,0],"8":[2,8]},"_coverageSchema":"43e27e138ebf9cfc5966b082cf9a028302ed4184","hash":"1a70c46f4c415aab82f356892589b4689398d97a"}
,"/Users/samhinton/code/samhinton88/projects/toady/src/helpers/index.js": {"path":"/Users/samhinton/code/samhinton88/projects/toady/src/helpers/index.js","statementMap":{"0":{"start":{"line":1,"column":0},"end":{"line":3,"column":1}},"1":{"start":{"line":2,"column":4},"end":{"line":2,"column":57}}},"fnMap":{"0":{"name":"(anonymous_0)","decl":{"start":{"line":1,"column":17},"end":{"line":1,"column":18}},"loc":{"start":{"line":1,"column":52},"end":{"line":3,"column":1}},"line":1}},"branchMap":{},"s":{"0":1,"1":4},"f":{"0":4},"b":{},"_coverageSchema":"43e27e138ebf9cfc5966b082cf9a028302ed4184","hash":"a4910fd9eec33da3ad590d95267cb092a7453a1c"}
,"/Users/samhinton/code/samhinton88/projects/toady/src/proxy/index.js": {"path":"/Users/samhinton/code/samhinton88/projects/toady/src/proxy/index.js","statementMap":{"0":{"start":{"line":1,"column":18},"end":{"line":1,"column":38}},"1":{"start":{"line":6,"column":4},"end":{"line":12,"column":5}},"2":{"start":{"line":7,"column":6},"end":{"line":7,"column":16}},"3":{"start":{"line":8,"column":6},"end":{"line":8,"column":25}},"4":{"start":{"line":10,"column":6},"end":{"line":10,"column":21}},"5":{"start":{"line":11,"column":6},"end":{"line":11,"column":34}},"6":{"start":{"line":18,"column":8},"end":{"line":18,"column":12}},"7":{"start":{"line":20,"column":20},"end":{"line":26,"column":6}},"8":{"start":{"line":28,"column":20},"end":{"line":28,"column":65}},"9":{"start":{"line":30,"column":26},"end":{"line":30,"column":49}},"10":{"start":{"line":32,"column":4},"end":{"line":32,"column":55}},"11":{"start":{"line":34,"column":19},"end":{"line":34,"column":52}},"12":{"start":{"line":36,"column":4},"end":{"line":40,"column":6}},"13":{"start":{"line":38,"column":8},"end":{"line":38,"column":67}},"14":{"start":{"line":44,"column":4},"end":{"line":44,"column":21}},"15":{"start":{"line":45,"column":4},"end":{"line":45,"column":22}},"16":{"start":{"line":49,"column":4},"end":{"line":49,"column":35}},"17":{"start":{"line":53,"column":4},"end":{"line":53,"column":55}},"18":{"start":{"line":54,"column":4},"end":{"line":54,"column":18}},"19":{"start":{"line":58,"column":17},"end":{"line":58,"column":27}},"20":{"start":{"line":59,"column":17},"end":{"line":59,"column":39}},"21":{"start":{"line":60,"column":17},"end":{"line":60,"column":34}},"22":{"start":{"line":61,"column":17},"end":{"line":61,"column":34}},"23":{"start":{"line":62,"column":18},"end":{"line":62,"column":33}},"24":{"start":{"line":63,"column":4},"end":{"line":63,"column":46}},"25":{"start":{"line":67,"column":22},"end":{"line":67,"column":38}},"26":{"start":{"line":69,"column":4},"end":{"line":69,"column":70}},"27":{"start":{"line":71,"column":4},"end":{"line":73,"column":5}},"28":{"start":{"line":72,"column":6},"end":{"line":72,"column":84}},"29":{"start":{"line":77,"column":4},"end":{"line":77,"column":50}},"30":{"start":{"line":78,"column":4},"end":{"line":78,"column":38}},"31":{"start":{"line":79,"column":4},"end":{"line":79,"column":36}},"32":{"start":{"line":83,"column":4},"end":{"line":83,"column":62}},"33":{"start":{"line":85,"column":4},"end":{"line":85,"column":38}},"34":{"start":{"line":86,"column":4},"end":{"line":86,"column":43}},"35":{"start":{"line":90,"column":20},"end":{"line":90,"column":45}},"36":{"start":{"line":92,"column":4},"end":{"line":92,"column":41}},"37":{"start":{"line":94,"column":4},"end":{"line":94,"column":45}},"38":{"start":{"line":98,"column":0},"end":{"line":98,"column":27}}},"fnMap":{"0":{"name":"(anonymous_0)","decl":{"start":{"line":4,"column":2},"end":{"line":4,"column":3}},"loc":{"start":{"line":4,"column":46},"end":{"line":41,"column":3}},"line":4},"1":{"name":"(anonymous_1)","decl":{"start":{"line":37,"column":6},"end":{"line":37,"column":7}},"loc":{"start":{"line":37,"column":19},"end":{"line":39,"column":7}},"line":37},"2":{"name":"(anonymous_2)","decl":{"start":{"line":43,"column":2},"end":{"line":43,"column":3}},"loc":{"start":{"line":43,"column":25},"end":{"line":46,"column":3}},"line":43},"3":{"name":"(anonymous_3)","decl":{"start":{"line":48,"column":2},"end":{"line":48,"column":3}},"loc":{"start":{"line":48,"column":8},"end":{"line":50,"column":3}},"line":48},"4":{"name":"(anonymous_4)","decl":{"start":{"line":52,"column":2},"end":{"line":52,"column":3}},"loc":{"start":{"line":52,"column":23},"end":{"line":55,"column":3}},"line":52},"5":{"name":"(anonymous_5)","decl":{"start":{"line":57,"column":2},"end":{"line":57,"column":3}},"loc":{"start":{"line":57,"column":14},"end":{"line":64,"column":3}},"line":57},"6":{"name":"(anonymous_6)","decl":{"start":{"line":66,"column":2},"end":{"line":66,"column":3}},"loc":{"start":{"line":66,"column":21},"end":{"line":74,"column":3}},"line":66},"7":{"name":"(anonymous_7)","decl":{"start":{"line":76,"column":2},"end":{"line":76,"column":3}},"loc":{"start":{"line":76,"column":32},"end":{"line":80,"column":3}},"line":76},"8":{"name":"(anonymous_8)","decl":{"start":{"line":82,"column":2},"end":{"line":82,"column":3}},"loc":{"start":{"line":82,"column":39},"end":{"line":87,"column":3}},"line":82},"9":{"name":"(anonymous_9)","decl":{"start":{"line":89,"column":2},"end":{"line":89,"column":3}},"loc":{"start":{"line":89,"column":23},"end":{"line":95,"column":3}},"line":89}},"branchMap":{"0":{"loc":{"start":{"line":6,"column":4},"end":{"line":12,"column":5}},"type":"if","locations":[{"start":{"line":6,"column":4},"end":{"line":12,"column":5}},{"start":{"line":6,"column":4},"end":{"line":12,"column":5}}],"line":6},"1":{"loc":{"start":{"line":17,"column":6},"end":{"line":17,"column":18}},"type":"default-arg","locations":[{"start":{"line":17,"column":14},"end":{"line":17,"column":18}}],"line":17},"2":{"loc":{"start":{"line":17,"column":20},"end":{"line":17,"column":32}},"type":"default-arg","locations":[{"start":{"line":17,"column":29},"end":{"line":17,"column":32}}],"line":17},"3":{"loc":{"start":{"line":17,"column":34},"end":{"line":17,"column":47}},"type":"default-arg","locations":[{"start":{"line":17,"column":46},"end":{"line":17,"column":47}}],"line":17},"4":{"loc":{"start":{"line":17,"column":49},"end":{"line":17,"column":62}},"type":"default-arg","locations":[{"start":{"line":17,"column":61},"end":{"line":17,"column":62}}],"line":17},"5":{"loc":{"start":{"line":38,"column":15},"end":{"line":38,"column":67}},"type":"binary-expr","locations":[{"start":{"line":38,"column":15},"end":{"line":38,"column":27}},{"start":{"line":38,"column":31},"end":{"line":38,"column":44}},{"start":{"line":38,"column":48},"end":{"line":38,"column":67}}],"line":38},"6":{"loc":{"start":{"line":71,"column":4},"end":{"line":73,"column":5}},"type":"if","locations":[{"start":{"line":71,"column":4},"end":{"line":73,"column":5}},{"start":{"line":71,"column":4},"end":{"line":73,"column":5}}],"line":71}},"s":{"0":1,"1":4,"2":0,"3":0,"4":4,"5":4,"6":4,"7":4,"8":4,"9":4,"10":4,"11":4,"12":4,"13":64,"14":4,"15":4,"16":0,"17":0,"18":0,"19":0,"20":0,"21":0,"22":0,"23":0,"24":0,"25":0,"26":0,"27":0,"28":0,"29":0,"30":0,"31":0,"32":0,"33":0,"34":0,"35":0,"36":0,"37":0,"38":1},"f":{"0":4,"1":64,"2":4,"3":0,"4":0,"5":0,"6":0,"7":0,"8":0,"9":0},"b":{"0":[0,4],"1":[4],"2":[4],"3":[4],"4":[4],"5":[64,64,48],"6":[0,0]},"_coverageSchema":"43e27e138ebf9cfc5966b082cf9a028302ed4184","hash":"0144647b37fde32c584745195806bb0ff0f347f4"}
}
