TN:
SF:/Users/samhinton/code/samhinton88/projects/toady/src/index.js
FNF:0
FNH:0
DA:1,1
DA:2,1
DA:3,1
DA:5,1
LF:4
LH:4
BRF:0
BRH:0
end_of_record
TN:
SF:/Users/samhinton/code/samhinton88/projects/toady/src/engine/index.js
FN:1,(anonymous_0)
FN:1,(anonymous_1)
FN:1,(anonymous_2)
FNF:3
FNH:3
FNDA:4,(anonymous_0)
FNDA:4,(anonymous_1)
FNDA:4,(anonymous_2)
DA:1,4
DA:2,4
DA:4,4
DA:5,14
DA:7,14
DA:15,14
DA:17,0
DA:20,0
DA:22,0
DA:28,14
DA:32,14
DA:34,10
DA:38,10
DA:40,0
DA:42,0
DA:44,0
DA:45,0
DA:52,10
DA:54,10
DA:55,2
LF:20
LH:13
BRDA:2,0,0,4
BRDA:2,0,1,2
BRDA:7,1,0,0
BRDA:7,1,1,14
BRDA:15,2,0,0
BRDA:15,2,1,14
BRDA:20,3,0,0
BRDA:20,3,1,0
BRDA:32,4,0,4
BRDA:32,4,1,10
BRDA:34,5,0,0
BRDA:34,5,1,10
BRDA:38,6,0,0
BRDA:38,6,1,10
BRDA:44,7,0,0
BRDA:44,7,1,0
BRDA:54,8,0,2
BRDA:54,8,1,8
BRF:18
BRH:10
end_of_record
TN:
SF:/Users/samhinton/code/samhinton88/projects/toady/src/helpers/index.js
FN:1,(anonymous_0)
FNF:1
FNH:1
FNDA:4,(anonymous_0)
DA:1,1
DA:2,4
LF:2
LH:2
BRF:0
BRH:0
end_of_record
TN:
SF:/Users/samhinton/code/samhinton88/projects/toady/src/proxy/index.js
FN:4,(anonymous_0)
FN:37,(anonymous_1)
FN:43,(anonymous_2)
FN:48,(anonymous_3)
FN:52,(anonymous_4)
FN:57,(anonymous_5)
FN:66,(anonymous_6)
FN:76,(anonymous_7)
FN:82,(anonymous_8)
FN:89,(anonymous_9)
FNF:10
FNH:3
FNDA:4,(anonymous_0)
FNDA:64,(anonymous_1)
FNDA:4,(anonymous_2)
FNDA:0,(anonymous_3)
FNDA:0,(anonymous_4)
FNDA:0,(anonymous_5)
FNDA:0,(anonymous_6)
FNDA:0,(anonymous_7)
FNDA:0,(anonymous_8)
FNDA:0,(anonymous_9)
DA:1,1
DA:6,4
DA:7,0
DA:8,0
DA:10,4
DA:11,4
DA:18,4
DA:20,4
DA:28,4
DA:30,4
DA:32,4
DA:34,4
DA:36,4
DA:38,64
DA:44,4
DA:45,4
DA:49,0
DA:53,0
DA:54,0
DA:58,0
DA:59,0
DA:60,0
DA:61,0
DA:62,0
DA:63,0
DA:67,0
DA:69,0
DA:71,0
DA:72,0
DA:77,0
DA:78,0
DA:79,0
DA:83,0
DA:85,0
DA:86,0
DA:90,0
DA:92,0
DA:94,0
DA:98,1
LF:39
LH:15
BRDA:6,0,0,0
BRDA:6,0,1,4
BRDA:17,1,0,4
BRDA:17,2,0,4
BRDA:17,3,0,4
BRDA:17,4,0,4
BRDA:38,5,0,64
BRDA:38,5,1,64
BRDA:38,5,2,48
BRDA:71,6,0,0
BRDA:71,6,1,0
BRF:11
BRH:8
end_of_record
